-------------------------------------------------------------------------------
Test set: com.Camunda.project.LoanApproval.ProcessUnitTest
-------------------------------------------------------------------------------
Tests run: 1, Failures: 1, Errors: 0, Skipped: 0, Time elapsed: 15.198 s <<< FAILURE! - in com.Camunda.project.LoanApproval.ProcessUnitTest
testHappyPath(com.Camunda.project.LoanApproval.ProcessUnitTest)  Time elapsed: 2.544 s  <<< FAILURE!
java.lang.AssertionError: Expecting ProcessInstance {id='4', processDefinitionId='LoanApproval:1:3', businessKey='null'} to be ended, but it is not!. (Please make sure you have set the history service of the engine to at least 'activity' or a higher level before making use of this assertion!)
	at com.Camunda.project.LoanApproval.ProcessUnitTest.testHappyPath(ProcessUnitTest.java:42)

